<?xml version="1.0" encoding="UTF-8"?>
<!-- Generated by org.testng.reporters.JUnitXMLReporter -->
<testsuite hostname="Mario" ignored="0" name="Default test" tests="1" failures="1" timestamp="19 Apr 2018 16:20:11 GMT" time="55.027" errors="0">
  <testcase name="feature" time="54.541" classname="cucumber.api.testng.AbstractTestNGCucumberTests">
    <failure type="cucumber.runtime.CucumberException" message="org.openqa.selenium.TimeoutException: Expected condition failed: waiting for visibility of element located by By.xpath: //input[@id=&amp;apos;password&amp;apos;] (tried for 20 second(s) with 500 MILLISECONDS interval)">
      <![CDATA[cucumber.runtime.CucumberException: org.openqa.selenium.TimeoutException: Expected condition failed: waiting for visibility of element located by By.xpath: //input[@id='password'] (tried for 20 second(s) with 500 MILLISECONDS interval)at cucumber.api.testng.TestNGCucumberRunner.runCucumber(TestNGCucumberRunner.java:69)at cucumber.api.testng.AbstractTestNGCucumberTests.feature(AbstractTestNGCucumberTests.java:21)at sun.reflect.NativeMethodAccessorImpl.invoke0(Native Method)at sun.reflect.NativeMethodAccessorImpl.invoke(NativeMethodAccessorImpl.java:62)at sun.reflect.DelegatingMethodAccessorImpl.invoke(DelegatingMethodAccessorImpl.java:43)at java.lang.reflect.Method.invoke(Method.java:498)at org.testng.internal.MethodInvocationHelper.invokeMethod(MethodInvocationHelper.java:124)at org.testng.internal.Invoker.invokeMethod(Invoker.java:571)at org.testng.internal.Invoker.invokeTestMethod(Invoker.java:707)at org.testng.internal.Invoker.invokeTestMethods(Invoker.java:979)at org.testng.internal.TestMethodWorker.invokeTestMethods(TestMethodWorker.java:125)at org.testng.internal.TestMethodWorker.run(TestMethodWorker.java:109)at org.testng.TestRunner.privateRun(TestRunner.java:648)at org.testng.TestRunner.run(TestRunner.java:505)at org.testng.SuiteRunner.runTest(SuiteRunner.java:455)at org.testng.SuiteRunner.runSequentially(SuiteRunner.java:450)at org.testng.SuiteRunner.privateRun(SuiteRunner.java:415)at org.testng.SuiteRunner.run(SuiteRunner.java:364)at org.testng.SuiteRunnerWorker.runSuite(SuiteRunnerWorker.java:52)at org.testng.SuiteRunnerWorker.run(SuiteRunnerWorker.java:84)at org.testng.TestNG.runSuitesSequentially(TestNG.java:1187)at org.testng.TestNG.runSuitesLocally(TestNG.java:1116)at org.testng.TestNG.runSuites(TestNG.java:1028)at org.testng.TestNG.run(TestNG.java:996)at org.testng.remote.AbstractRemoteTestNG.run(AbstractRemoteTestNG.java:114)at org.testng.remote.RemoteTestNG.initAndRun(RemoteTestNG.java:251)at org.testng.remote.RemoteTestNG.main(RemoteTestNG.java:77)Caused by: org.openqa.selenium.TimeoutException: Expected condition failed: waiting for visibility of element located by By.xpath: //input[@id='password'] (tried for 20 second(s) with 500 MILLISECONDS interval)at org.openqa.selenium.support.ui.WebDriverWait.timeoutException(WebDriverWait.java:82)at org.openqa.selenium.support.ui.FluentWait.until(FluentWait.java:231)at pack.StepDefinition.loginWithValidPayPalAccountAndSubmitTheTransaction(StepDefinition.java:388)at âœ½.And login with valid PayPal account and submit the transaction(D:/Work/pre paid payment/Prepaid-Payment/src/test/resources/features/payWithPaypaLinSIT.feature:13)Caused by: org.openqa.selenium.NoSuchElementException: Cannot locate an element using By.xpath: //input[@id='password']For documentation on this error, please visit: http://seleniumhq.org/exceptions/no_such_element.htmlBuild info: version: '3.6.0', revision: '6fbf3ec767', time: '2017-09-27T16:15:26.402Z'System info: host: 'MARIO', ip: '172.26.192.1', os.name: 'Windows 10', os.arch: 'amd64', os.version: '10.0', java.version: '1.8.0_151'Driver info: driver.version: unknownat org.openqa.selenium.support.ui.ExpectedConditions.lambda$findElement$0(ExpectedConditions.java:882)at java.util.Optional.orElseThrow(Optional.java:290)at org.openqa.selenium.support.ui.ExpectedConditions.findElement(ExpectedConditions.java:881)at org.openqa.selenium.support.ui.ExpectedConditions.access$000(ExpectedConditions.java:43)at org.openqa.selenium.support.ui.ExpectedConditions$7.apply(ExpectedConditions.java:205)at org.openqa.selenium.support.ui.ExpectedConditions$7.apply(ExpectedConditions.java:201)at org.openqa.selenium.support.ui.FluentWait.until(FluentWait.java:208)at pack.StepDefinition.loginWithValidPayPalAccountAndSubmitTheTransaction(StepDefinition.java:388)at sun.reflect.NativeMethodAccessorImpl.invoke0(Native Method)at sun.reflect.NativeMethodAccessorImpl.invoke(NativeMethodAccessorImpl.java:62)at sun.reflect.DelegatingMethodAccessorImpl.invoke(DelegatingMethodAccessorImpl.java:43)at java.lang.reflect.Method.invoke(Method.java:498)at cucumber.runtime.Utils$1.call(Utils.java:40)at cucumber.runtime.Timeout.timeout(Timeout.java:16)at cucumber.runtime.Utils.invoke(Utils.java:34)at cucumber.runtime.java.JavaStepDefinition.execute(JavaStepDefinition.java:38)at cucumber.runtime.StepDefinitionMatch.runStep(StepDefinitionMatch.java:37)at cucumber.runtime.Runtime.runStep(Runtime.java:300)at cucumber.runtime.model.StepContainer.runStep(StepContainer.java:44)at cucumber.runtime.model.StepContainer.runSteps(StepContainer.java:39)at cucumber.runtime.model.CucumberScenario.run(CucumberScenario.java:44)at cucumber.runtime.model.CucumberFeature.run(CucumberFeature.java:165)at cucumber.api.testng.TestNGCucumberRunner.runCucumber(TestNGCucumberRunner.java:63)at cucumber.api.testng.AbstractTestNGCucumberTests.feature(AbstractTestNGCucumberTests.java:21)at sun.reflect.NativeMethodAccessorImpl.invoke0(Native Method)at sun.reflect.NativeMethodAccessorImpl.invoke(NativeMethodAccessorImpl.java:62)at sun.reflect.DelegatingMethodAccessorImpl.invoke(DelegatingMethodAccessorImpl.java:43)at java.lang.reflect.Method.invoke(Method.java:498)at org.testng.internal.MethodInvocationHelper.invokeMethod(MethodInvocationHelper.java:124)at org.testng.internal.Invoker.invokeMethod(Invoker.java:571)at org.testng.internal.Invoker.invokeTestMethod(Invoker.java:707)at org.testng.internal.Invoker.invokeTestMethods(Invoker.java:979)at org.testng.internal.TestMethodWorker.invokeTestMethods(TestMethodWorker.java:125)at org.testng.internal.TestMethodWorker.run(TestMethodWorker.java:109)at org.testng.TestRunner.privateRun(TestRunner.java:648)at org.testng.TestRunner.run(TestRunner.java:505)at org.testng.SuiteRunner.runTest(SuiteRunner.java:455)at org.testng.SuiteRunner.runSequentially(SuiteRunner.java:450)at org.testng.SuiteRunner.privateRun(SuiteRunner.java:415)at org.testng.SuiteRunner.run(SuiteRunner.java:364)at org.testng.SuiteRunnerWorker.runSuite(SuiteRunnerWorker.java:52)at org.testng.SuiteRunnerWorker.run(SuiteRunnerWorker.java:84)at org.testng.TestNG.runSuitesSequentially(TestNG.java:1187)at org.testng.TestNG.runSuitesLocally(TestNG.java:1116)at org.testng.TestNG.runSuites(TestNG.java:1028)at org.testng.TestNG.run(TestNG.java:996)at org.testng.remote.AbstractRemoteTestNG.run(AbstractRemoteTestNG.java:114)at org.testng.remote.RemoteTestNG.initAndRun(RemoteTestNG.java:251)at org.testng.remote.RemoteTestNG.main(RemoteTestNG.java:77)]]>
    </failure>
  </testcase> <!-- feature -->
</testsuite> <!-- Default test -->
